16:57:12 scenario.file.loc[Ljava.lang.String;@7a9273a8
16:57:12 loading BDD file: D:\QAS_Workspace\QAF_Assignments\.\scenarios\FlightSearchScenario.bdd
16:57:12 total test found: 1
16:57:13 

Executing scenario: FlightSearchTest - Search a flight from tourism site
16:57:13 pkg: com.qmetry.qaf.automation.step
16:57:13 pkg: com.qaf_assignments
16:57:13 Found duplicate step to load [] with [lower] prority then []
16:57:13 Invoking Teststep: Given Open Tourism website
16:58:02 Completed Teststep: Given Open Tourism website
16:58:02 Invoking Teststep: When Navigate on Flight tab
16:58:02 Completed Teststep: When Navigate on Flight tab
16:58:02 Invoking Teststep: And Enter Flying from as 'Mumbai, India (BOM-Chhatrapati Shivaji Intl.)' with arguments: [Mumbai, India (BOM-Chhatrapati Shivaji Intl.)]
16:58:03 Invoking Teststep: sendKeys {text} into {loc} with arguments: [Mumbai, India (BOM-Chhatrapati Shivaji Intl.), txtbox.flyingFrom.flightsearch]
16:58:04 Completed Teststep: sendKeys {text} into {loc} with arguments: [Mumbai, India (BOM-Chhatrapati Shivaji Intl.), txtbox.flyingFrom.flightsearch]
16:58:04 Completed Teststep: And Enter Flying from as 'Mumbai, India (BOM-Chhatrapati Shivaji Intl.)' with arguments: [Mumbai, India (BOM-Chhatrapati Shivaji Intl.)]
16:58:04 Invoking Teststep: Then Enter Flying To as 'Bengaluru, India (BLR-Kempegowda Intl.)' with arguments: [Bengaluru, India (BLR-Kempegowda Intl.)]
16:58:04 Invoking Teststep: sendKeys {text} into {loc} with arguments: [Bengaluru, India (BLR-Kempegowda Intl.), txtbox.flyingTo.flightsearch]
16:58:05 Completed Teststep: sendKeys {text} into {loc} with arguments: [Bengaluru, India (BLR-Kempegowda Intl.), txtbox.flyingTo.flightsearch]
16:58:05 Completed Teststep: Then Enter Flying To as 'Bengaluru, India (BLR-Kempegowda Intl.)' with arguments: [Bengaluru, India (BLR-Kempegowda Intl.)]
16:58:05 Invoking Teststep: When Enter Departure date as '01/19/2018' with arguments: [01/19/2018]
16:58:05 Invoking Teststep: sendKeys {text} into {loc} with arguments: [01/19/2018, txtbox.departingDate.flightsearch]
16:58:05 Completed Teststep: sendKeys {text} into {loc} with arguments: [01/19/2018, txtbox.departingDate.flightsearch]
16:58:05 Completed Teststep: When Enter Departure date as '01/19/2018' with arguments: [01/19/2018]
16:58:05 Invoking Teststep: And Enter Return date as '02/08/2018' with arguments: [02/08/2018]
16:58:06 Invoking Teststep: sendKeys {text} into {loc} with arguments: [02/08/2018, txtbox.returningDate.flightsearch]
16:58:06 Completed Teststep: sendKeys {text} into {loc} with arguments: [02/08/2018, txtbox.returningDate.flightsearch]
16:58:06 Completed Teststep: And Enter Return date as '02/08/2018' with arguments: [02/08/2018]
16:58:06 Invoking Teststep: Then click on Search button
16:58:12 Completed Teststep: Then click on Search button
16:58:12 Invoking Teststep: Then Validate the result
16:58:12 Failure Teststep: Then Validate the result
java.lang.RuntimeException: Wrong number of parameters, Expected 1 parameters but Actual is 0
	at com.qmetry.qaf.automation.step.JavaStep.processArgs(JavaStep.java:223)
	at com.qmetry.qaf.automation.step.JavaStep.doExecute(JavaStep.java:160)
	at com.qmetry.qaf.automation.step.BaseTestStep.execute(BaseTestStep.java:149)
	at com.qmetry.qaf.automation.step.StringTestStep.execute(StringTestStep.java:134)
	at com.qmetry.qaf.automation.step.client.Scenario.execute(Scenario.java:167)
	at com.qmetry.qaf.automation.step.client.Scenario.scenario(Scenario.java:219)
	at sun.reflect.NativeMethodAccessorImpl.invoke0(Native Method)
	at sun.reflect.NativeMethodAccessorImpl.invoke(NativeMethodAccessorImpl.java:62)
	at sun.reflect.DelegatingMethodAccessorImpl.invoke(DelegatingMethodAccessorImpl.java:43)
	at java.lang.reflect.Method.invoke(Method.java:498)
	at org.testng.internal.MethodInvocationHelper.invokeMethod(MethodInvocationHelper.java:104)
	at org.testng.internal.Invoker.invokeMethod(Invoker.java:645)
	at org.testng.internal.Invoker.invokeTestMethod(Invoker.java:851)
	at org.testng.internal.Invoker.invokeTestMethods(Invoker.java:1177)
	at org.testng.internal.TestMethodWorker.invokeTestMethods(TestMethodWorker.java:129)
	at org.testng.internal.TestMethodWorker.run(TestMethodWorker.java:112)
	at org.testng.TestRunner.privateRun(TestRunner.java:781)
	at org.testng.TestRunner.run(TestRunner.java:635)
	at org.testng.SuiteRunner.runTest(SuiteRunner.java:387)
	at org.testng.SuiteRunner.runSequentially(SuiteRunner.java:382)
	at org.testng.SuiteRunner.privateRun(SuiteRunner.java:340)
	at org.testng.SuiteRunner.run(SuiteRunner.java:289)
	at org.testng.SuiteRunnerWorker.runSuite(SuiteRunnerWorker.java:52)
	at org.testng.SuiteRunnerWorker.run(SuiteRunnerWorker.java:86)
	at org.testng.TestNG.runSuitesSequentially(TestNG.java:1293)
	at org.testng.TestNG.runSuitesLocally(TestNG.java:1218)
	at org.testng.TestNG.runSuites(TestNG.java:1133)
	at org.testng.TestNG.run(TestNG.java:1104)
	at org.apache.maven.surefire.testng.TestNGExecutor.run(TestNGExecutor.java:122)
	at org.apache.maven.surefire.testng.TestNGXmlTestSuite.execute(TestNGXmlTestSuite.java:92)
	at org.apache.maven.surefire.testng.TestNGProvider.invoke(TestNGProvider.java:101)
	at sun.reflect.NativeMethodAccessorImpl.invoke0(Native Method)
	at sun.reflect.NativeMethodAccessorImpl.invoke(NativeMethodAccessorImpl.java:62)
	at sun.reflect.DelegatingMethodAccessorImpl.invoke(DelegatingMethodAccessorImpl.java:43)
	at java.lang.reflect.Method.invoke(Method.java:498)
	at org.apache.maven.surefire.util.ReflectionUtils.invokeMethodWithArray(ReflectionUtils.java:164)
	at org.apache.maven.surefire.booter.ProviderFactory$ProviderProxy.invoke(ProviderFactory.java:110)
	at org.apache.maven.surefire.booter.SurefireStarter.invokeProvider(SurefireStarter.java:172)
	at org.apache.maven.surefire.booter.SurefireStarter.runSuitesInProcessWhenForked(SurefireStarter.java:104)
	at org.apache.maven.surefire.booter.ForkedBooter.main(ForkedBooter.java:70)
16:58:13 Completed Teststep: Then Validate the result
16:58:13 Competed scenario: FlightSearchTest with status FAILURE
