16:04:06 scenario.file.loc[Ljava.lang.String;@7a9273a8
16:04:06 loading BDD file: D:\QAS_Workspace\QAF_Assignments\.\scenarios\FlightSearchScenario.bdd
16:04:06 total test found: 1
16:04:07 

Executing scenario: FlightSearchTest - Search a flight from tourism site
16:04:07 pkg: com.qmetry.qaf.automation.step
16:04:07 pkg: com.qaf_assignments
16:04:07 Found duplicate step to load [] with [lower] prority then []
16:04:07 Invoking Teststep: Given Open Tourism website
16:04:58 Completed Teststep: Given Open Tourism website
16:04:58 Invoking Teststep: When Navigate on Flight tab
16:04:59 Completed Teststep: When Navigate on Flight tab
16:04:59 Invoking Teststep: And Enter Flying from as 'Mumbai, India (BOM-Chhatrapati Shivaji Intl.)' with arguments: [Mumbai, India (BOM-Chhatrapati Shivaji Intl.)]
16:04:59 Invoking Teststep: sendKeys {text} into {loc} with arguments: [Mumbai, India (BOM-Chhatrapati Shivaji Intl.), txtbox.flyingFrom.flightsearch]
16:05:01 Completed Teststep: sendKeys {text} into {loc} with arguments: [Mumbai, India (BOM-Chhatrapati Shivaji Intl.), txtbox.flyingFrom.flightsearch]
16:05:01 Completed Teststep: And Enter Flying from as 'Mumbai, India (BOM-Chhatrapati Shivaji Intl.)' with arguments: [Mumbai, India (BOM-Chhatrapati Shivaji Intl.)]
16:05:01 Invoking Teststep: Then Enter Flying To as 'Bengaluru, India (BLR-Kempegowda Intl.)' with arguments: [Bengaluru, India (BLR-Kempegowda Intl.)]
16:05:01 Invoking Teststep: sendKeys {text} into {loc} with arguments: [Bengaluru, India (BLR-Kempegowda Intl.), txtbox.flyingTo.flightsearch]
16:05:02 Completed Teststep: sendKeys {text} into {loc} with arguments: [Bengaluru, India (BLR-Kempegowda Intl.), txtbox.flyingTo.flightsearch]
16:05:02 Completed Teststep: Then Enter Flying To as 'Bengaluru, India (BLR-Kempegowda Intl.)' with arguments: [Bengaluru, India (BLR-Kempegowda Intl.)]
16:05:02 Invoking Teststep: When Enter Departure date as '01/19/2018' with arguments: [01/19/2018]
16:05:02 Invoking Teststep: sendKeys {text} into {loc} with arguments: [01/19/2018, txtbox.departingDate.flightsearch]
16:05:02 Completed Teststep: sendKeys {text} into {loc} with arguments: [01/19/2018, txtbox.departingDate.flightsearch]
16:05:02 Completed Teststep: When Enter Departure date as '01/19/2018' with arguments: [01/19/2018]
16:05:02 Invoking Teststep: And Enter Return date as '02/08/2018' with arguments: [02/08/2018]
16:05:02 Invoking Teststep: sendKeys {text} into {loc} with arguments: [02/08/2018, txtbox.returningDate.flightsearch]
16:05:02 Completed Teststep: sendKeys {text} into {loc} with arguments: [02/08/2018, txtbox.returningDate.flightsearch]
16:05:02 Completed Teststep: And Enter Return date as '02/08/2018' with arguments: [02/08/2018]
16:05:02 Invoking Teststep: Then click on Search button
16:10:03 Failure Teststep: Then click on Search button
org.openqa.selenium.TimeoutException: timeout
  (Session info: chrome=63.0.3239.132)
  (Driver info: chromedriver=2.34.522940 (1a76f96f66e3ca7b8e57d503b4dd3bccfba87af1),platform=Windows NT 10.0.10586 x86_64) (WARNING: The server did not provide any stacktrace information)
Command duration or timeout: 300.25 seconds
Build info: version: '2.53.0', revision: '35ae25b1534ae328c771e0856c93e187490ca824', time: '2016-03-15 10:43:46'
System info: host: 'ICPL11485', ip: '10.11.31.205', os.name: 'Windows 10', os.arch: 'amd64', os.version: '10.0', java.version: '1.8.0_152'
Driver info: com.qmetry.qaf.automation.ui.webdriver.QAFExtendedWebDriver
Capabilities [{applicationCacheEnabled=false, rotatable=false, mobileEmulationEnabled=false, networkConnectionEnabled=false, chrome={chromedriverVersion=2.34.522940 (1a76f96f66e3ca7b8e57d503b4dd3bccfba87af1), userDataDir=C:\Users\PRIYAN~1.PAT\AppData\Local\Temp\scoped_dir9920_2114}, takesHeapSnapshot=true, pageLoadStrategy=normal, databaseEnabled=false, handlesAlerts=true, hasTouchScreen=false, version=63.0.3239.132, platform=XP, browserConnectionEnabled=false, nativeEvents=true, acceptSslCerts=true, locationContextEnabled=true, webStorageEnabled=true, browserName=chrome, takesScreenshot=true, javascriptEnabled=true, cssSelectorsEnabled=true, setWindowRect=true, unexpectedAlertBehaviour=}]
Session ID: ee013d77ad12b8c2a39863988975458e
	at sun.reflect.NativeConstructorAccessorImpl.newInstance0(Native Method)
	at sun.reflect.NativeConstructorAccessorImpl.newInstance(NativeConstructorAccessorImpl.java:62)
	at sun.reflect.DelegatingConstructorAccessorImpl.newInstance(DelegatingConstructorAccessorImpl.java:45)
	at java.lang.reflect.Constructor.newInstance(Constructor.java:423)
	at org.openqa.selenium.remote.ErrorHandler.createThrowable(ErrorHandler.java:206)
	at org.openqa.selenium.remote.ErrorHandler.throwIfResponseFailed(ErrorHandler.java:158)
	at org.openqa.selenium.remote.RemoteWebDriver.execute(RemoteWebDriver.java:678)
	at com.qmetry.qaf.automation.ui.webdriver.QAFExtendedWebDriver.executeWitoutLog(QAFExtendedWebDriver.java:256)
	at com.qmetry.qaf.automation.ui.webdriver.QAFExtendedWebElement.execute(QAFExtendedWebElement.java:252)
	at org.openqa.selenium.remote.RemoteWebElement.click(RemoteWebElement.java:85)
	at com.qmetry.qaf.automation.step.CommonStep.click_aroundBody50(CommonStep.java:648)
	at com.qmetry.qaf.automation.step.CommonStep$AjcClosure51.run(CommonStep.java:1)
	at org.aspectj.runtime.reflect.JoinPointImpl.proceed(JoinPointImpl.java:149)
	at com.qmetry.qaf.automation.step.JavaStepReporter.javaTestStep(JavaStepReporter.java:101)
	at com.qmetry.qaf.automation.step.CommonStep.click(CommonStep.java:647)
	at com.qaf_assignments.steps.FlightSearchSteps.clickOnSearchButton(FlightSearchSteps.java:48)
	at sun.reflect.NativeMethodAccessorImpl.invoke0(Native Method)
	at sun.reflect.NativeMethodAccessorImpl.invoke(NativeMethodAccessorImpl.java:62)
	at sun.reflect.DelegatingMethodAccessorImpl.invoke(DelegatingMethodAccessorImpl.java:43)
	at java.lang.reflect.Method.invoke(Method.java:498)
	at com.qmetry.qaf.automation.step.JavaStep.doExecute(JavaStep.java:160)
	at com.qmetry.qaf.automation.step.BaseTestStep.execute(BaseTestStep.java:149)
	at com.qmetry.qaf.automation.step.StringTestStep.execute(StringTestStep.java:134)
	at com.qmetry.qaf.automation.step.client.Scenario.execute(Scenario.java:167)
	at com.qmetry.qaf.automation.step.client.Scenario.scenario(Scenario.java:219)
	at sun.reflect.NativeMethodAccessorImpl.invoke0(Native Method)
	at sun.reflect.NativeMethodAccessorImpl.invoke(NativeMethodAccessorImpl.java:62)
	at sun.reflect.DelegatingMethodAccessorImpl.invoke(DelegatingMethodAccessorImpl.java:43)
	at java.lang.reflect.Method.invoke(Method.java:498)
	at org.testng.internal.MethodInvocationHelper.invokeMethod(MethodInvocationHelper.java:104)
	at org.testng.internal.Invoker.invokeMethod(Invoker.java:645)
	at org.testng.internal.Invoker.invokeTestMethod(Invoker.java:851)
	at org.testng.internal.Invoker.invokeTestMethods(Invoker.java:1177)
	at org.testng.internal.TestMethodWorker.invokeTestMethods(TestMethodWorker.java:129)
	at org.testng.internal.TestMethodWorker.run(TestMethodWorker.java:112)
	at org.testng.TestRunner.privateRun(TestRunner.java:781)
	at org.testng.TestRunner.run(TestRunner.java:635)
	at org.testng.SuiteRunner.runTest(SuiteRunner.java:387)
	at org.testng.SuiteRunner.runSequentially(SuiteRunner.java:382)
	at org.testng.SuiteRunner.privateRun(SuiteRunner.java:340)
	at org.testng.SuiteRunner.run(SuiteRunner.java:289)
	at org.testng.SuiteRunnerWorker.runSuite(SuiteRunnerWorker.java:52)
	at org.testng.SuiteRunnerWorker.run(SuiteRunnerWorker.java:86)
	at org.testng.TestNG.runSuitesSequentially(TestNG.java:1293)
	at org.testng.TestNG.runSuitesLocally(TestNG.java:1218)
	at org.testng.TestNG.runSuites(TestNG.java:1133)
	at org.testng.TestNG.run(TestNG.java:1104)
	at org.apache.maven.surefire.testng.TestNGExecutor.run(TestNGExecutor.java:122)
	at org.apache.maven.surefire.testng.TestNGXmlTestSuite.execute(TestNGXmlTestSuite.java:92)
	at org.apache.maven.surefire.testng.TestNGProvider.invoke(TestNGProvider.java:101)
	at sun.reflect.NativeMethodAccessorImpl.invoke0(Native Method)
	at sun.reflect.NativeMethodAccessorImpl.invoke(NativeMethodAccessorImpl.java:62)
	at sun.reflect.DelegatingMethodAccessorImpl.invoke(DelegatingMethodAccessorImpl.java:43)
	at java.lang.reflect.Method.invoke(Method.java:498)
	at org.apache.maven.surefire.util.ReflectionUtils.invokeMethodWithArray(ReflectionUtils.java:164)
	at org.apache.maven.surefire.booter.ProviderFactory$ProviderProxy.invoke(ProviderFactory.java:110)
	at org.apache.maven.surefire.booter.SurefireStarter.invokeProvider(SurefireStarter.java:172)
	at org.apache.maven.surefire.booter.SurefireStarter.runSuitesInProcessWhenForked(SurefireStarter.java:104)
	at org.apache.maven.surefire.booter.ForkedBooter.main(ForkedBooter.java:70)
16:10:03 Completed Teststep: Then click on Search button
16:10:03 Competed scenario: FlightSearchTest with status FAILURE
